<?xml version="1.0" encoding="UTF-8"?>
<!-- Generated by org.testng.reporters.JUnitReportReporter -->
<testsuite skipped="0" hostname="LAPTOP-MOLJOM71" name="Test.Sample_Maven_Project.Tc01Test" tests="2" failures="0" timestamp="09 Dec 2021 08:09:57 GMT" time="0.007" errors="0">
  <testcase name="Webshop" time="0.001" classname="Test.Sample_Maven_Project.Tc01Test"/>
  <testcase name="Medicalshop" time="0.006" classname="Test.Sample_Maven_Project.Tc01Test"/>
</testsuite> <!-- Test.Sample_Maven_Project.Tc01Test -->
