<?xml version="1.0" encoding="UTF-8"?>
<!-- Generated by org.testng.reporters.JUnitReportReporter -->
<testsuite skipped="0" hostname="LAPTOP-MOLJOM71" name="Test.Sample_Maven_Project.Tc02Test" tests="2" failures="0" timestamp="09 Dec 2021 08:09:43 GMT" time="0.009" errors="0">
  <testcase name="panshop" time="0.001" classname="Test.Sample_Maven_Project.Tc02Test"/>
  <testcase name="clothshop" time="0.008" classname="Test.Sample_Maven_Project.Tc02Test"/>
</testsuite> <!-- Test.Sample_Maven_Project.Tc02Test -->
